0 info it worked if it ends with ok
1 verbose cli [ '/Users/dieterpeirs/.nvm/versions/node/v10.9.0/bin/node',
1 verbose cli   '/Users/dieterpeirs/3-Sites/lblod/ember-appuniversum/node_modules/.bin/npm',
1 verbose cli   'install',
1 verbose cli   'caniuse-lite' ]
2 info using npm@3.5.4
3 info using node@v10.9.0
4 verbose stack Error: Cannot find module 'internal/util/types'
4 verbose stack     at Function.Module._resolveFilename (internal/modules/cjs/loader.js:581:15)
4 verbose stack     at Function.Module._load (internal/modules/cjs/loader.js:507:25)
4 verbose stack     at Module.require (internal/modules/cjs/loader.js:637:17)
4 verbose stack     at require (internal/modules/cjs/helpers.js:20:18)
4 verbose stack     at evalmachine.<anonymous>:44:26
4 verbose stack     at Object.<anonymous> (/Users/dieterpeirs/3-Sites/lblod/ember-appuniversum/node_modules/npm/node_modules/cmd-shim/node_modules/graceful-fs/fs.js:11:1)
4 verbose stack     at Module._compile (internal/modules/cjs/loader.js:689:30)
4 verbose stack     at Object.Module._extensions..js (internal/modules/cjs/loader.js:700:10)
4 verbose stack     at Module.load (internal/modules/cjs/loader.js:599:32)
4 verbose stack     at tryModuleLoad (internal/modules/cjs/loader.js:538:12)
5 verbose cwd /Users/dieterpeirs/3-Sites/lblod/ember-appuniversum
6 error Darwin 20.3.0
7 error argv "/Users/dieterpeirs/.nvm/versions/node/v10.9.0/bin/node" "/Users/dieterpeirs/3-Sites/lblod/ember-appuniversum/node_modules/.bin/npm" "install" "caniuse-lite"
8 error node v10.9.0
9 error npm  v3.5.4
10 error code MODULE_NOT_FOUND
11 error Cannot find module 'internal/util/types'
12 error If you need help, you may report this error at:
12 error     <https://github.com/npm/npm/issues>
13 verbose exit [ 1, true ]
